Beauty/Android/Customer/proguard/mapping.txt
com.glamourpromise.beauty.customer.R -> com.glamourpromise.beauty.customer.a:
com.glamourpromise.beauty.customer.R$styleable -> com.glamourpromise.beauty.customer.b:
    int[] CircleImageView -> CircleImageView
    int CircleImageView_civ_border_color -> CircleImageView_civ_border_color
    int CircleImageView_civ_border_overlay -> CircleImageView_civ_border_overlay
    int CircleImageView_civ_border_width -> CircleImageView_civ_border_width
    int CircleImageView_civ_fill_color -> CircleImageView_civ_fill_color
    int[] SlidingMenu -> SlidingMenu
    int SlidingMenu_behindOffset -> SlidingMenu_behindOffset
    int SlidingMenu_behindScrollScale -> SlidingMenu_behindScrollScale
    int SlidingMenu_behindWidth -> SlidingMenu_behindWidth
    int SlidingMenu_fadeDegree -> SlidingMenu_fadeDegree
    int SlidingMenu_fadeEnabled -> SlidingMenu_fadeEnabled
    int SlidingMenu_mode -> SlidingMenu_mode
    int SlidingMenu_selectorDrawable -> SlidingMenu_selectorDrawable
    int SlidingMenu_selectorEnabled -> SlidingMenu_selectorEnabled
    int SlidingMenu_shadowDrawable -> SlidingMenu_shadowDrawable
    int SlidingMenu_shadowWidth -> SlidingMenu_shadowWidth
    int SlidingMenu_touchModeAbove -> SlidingMenu_touchModeAbove
    int SlidingMenu_touchModeBehind -> SlidingMenu_touchModeBehind
    int SlidingMenu_viewAbove -> SlidingMenu_viewAbove
    int SlidingMenu_viewBehind -> SlidingMenu_viewBehind
com.glamourpromise.beauty.customer.activity.AboutUsActivity -> com.glamourpromise.beauty.customer.activity.AboutUsActivity:
    void onCreate(android.os.Bundle) -> onCreate
    void onClick(android.view.View) -> onClick
com.glamourpromise.beauty.customer.activity.AccountDetailActivity -> com.glamourpromise.beauty.customer.activity.AccountDetailActivity:
    java.lang.String accountID -> a
    java.lang.String accountName -> b
    java.lang.String department -> c
    java.lang.String title -> d
    java.lang.String introduction -> e
    java.lang.String expert -> f
    java.lang.String mobile -> g
    java.lang.String headImageURL -> h
    java.lang.String branchName -> i
    android.view.LayoutInflater mLayoutInflater -> j
    android.widget.TextView accountNameTextView -> k
    android.widget.ImageView accountHeadImage -> s
    android.widget.ImageView sendMessageButton -> t
    com.glamourpromise.beauty.customer.bean.AccountInformation accountInfo -> u
    void onCreate(android.os.Bundle) -> onCreate
    void onResume() -> onResume
    void onNewIntent(android.content.Intent) -> onNewIntent
    void initView() -> b
    void setFlyMessageStatus(int) -> a
    void createMobileTableRow() -> c
    void createTitleAndDepartment() -> d
    void createBranchName() -> e
    void createExpertTableRow() -> f
    void createIntroductionTableRow() -> g
    void createTableLayout(android.widget.TableLayout,int,java.lang.String,java.lang.String,int) -> a
    void onClick(android.view.View) -> onClick
    com.glamourpromise.beauty.customer.net.WebApiRequest getRequest() -> a
    void onHandleResponse(com.glamourpromise.beauty.customer.net.WebApiResponse) -> a
...
com.baidu.location.c.f$b$1 -> com.baidu.location.c.f$b$1:
    java.util.List a(org.json.JSONObject,java.lang.String,int) -> a
com.baidu.location.c.f$b$2 -> com.baidu.location.c.f$b$2:
    java.util.List a(org.json.JSONObject,java.lang.String,int) -> a
com.baidu.location.c.f$b$3 -> com.baidu.location.c.f$b$3:
    java.util.List a(org.json.JSONObject,java.lang.String,int) -> a
com.baidu.location.c.f$b$4 -> com.baidu.location.c.f$b$4:
    java.util.List a(org.json.JSONObject,java.lang.String,int) -> a
com.baidu.location.c.g -> com.baidu.location.c.g:
    java.lang.String a9 -> a9
    android.database.sqlite.SQLiteDatabase a8 -> a8
    com.baidu.location.c.g$a be -> be
    int bd -> bd
    int bc -> bc
    java.lang.String bb -> bb
    java.lang.String ba -> ba
    void I() -> I
    void byte(java.lang.String) -> byte
    java.lang.String J() -> J
    void if(boolean) -> if
    void if(com.baidu.location.c.g,boolean) -> if
    java.lang.String if(com.baidu.location.c.g) -> if
com.baidu.location.c.g$a -> com.baidu.location.c.g$a:
    int et -> et
    java.lang.String eu -> eu
    java.lang.String el -> el
    java.lang.String es -> es
    java.lang.String ej -> ej
    int eq -> eq
    int eo -> eo
    long ei -> ei
    int eg -> eg
    long ep -> ep
    java.lang.String eh -> eh
    boolean en -> en
    boolean er -> er
    com.baidu.location.c.g ek -> ek
    com.baidu.location.c.g em -> em
    void au() -> au
    void int(boolean) -> int
    void aK() -> aK
    void for(com.baidu.location.c.g$a) -> for
    boolean do(com.baidu.location.c.g$a) -> do
    com.baidu.location.c.g if(com.baidu.location.c.g$a) -> if
com.baidu.location.c.g$a$1 -> com.baidu.location.c.g$a$1:
    com.baidu.location.c.g$a a -> a
    void run() -> run
com.baidu.location.d.a -> com.baidu.location.d.a:
    java.util.ArrayList fD -> fD
    float fH -> fH
    com.baidu.location.BDLocation fE -> fE
    long fJ -> fJ
    com.baidu.location.LocationClient fL -> fL
    android.content.Context fy -> fy
    int fx -> fx
    long fF -> fF
    boolean fI -> fI
    android.app.PendingIntent fC -> fC
    android.app.AlarmManager fz -> fz
    com.baidu.location.d.a$b fG -> fG
    java.lang.String fB -> fB
    com.baidu.location.d.a$a fA -> fA
    boolean fK -> fK
    void a3() -> a3
    int do(com.baidu.location.BDNotifyListener) -> do
    void if(com.baidu.location.BDNotifyListener) -> if
    int for(com.baidu.location.BDNotifyListener) -> for
    boolean a4() -> a4
    void a2() -> a2
    void new(long) -> new
    void for(com.baidu.location.BDLocation) -> for
    java.util.ArrayList do(com.baidu.location.d.a) -> do
    void if(com.baidu.location.d.a,com.baidu.location.BDLocation) -> if
    com.baidu.location.LocationClient if(com.baidu.location.d.a) -> if
com.baidu.location.d.a$a -> com.baidu.location.d.a$a:
    com.baidu.location.d.a a -> a
    void onReceiveLocation(com.baidu.location.BDLocation) -> onReceiveLocation
com.baidu.location.d.a$b -> com.baidu.location.d.a$b:
    com.baidu.location.d.a a -> a
    void onReceive(android.content.Context,android.content.Intent) -> onReceive
com.baidu.location.e.a -> com.baidu.location.e.a:
    long a -> a
    com.baidu.location.h.h if -> if
    android.location.Location for -> for
    java.lang.String do -> do
    void a(java.lang.String) -> a
    java.lang.String do() -> do
    long for() -> for
    void a(long) -> a
    com.baidu.location.h.h a() -> a
    void a(com.baidu.location.h.h) -> a
    android.location.Location if() -> if
    void a(android.location.Location) -> a
com.baidu.location.e.b -> com.baidu.location.e.b:
    com.baidu.location.h.f fR -> fR
    com.baidu.location.h.h fQ -> fQ
    boolean fO -> fO
    boolean fM -> fM
    java.lang.String fN -> fN
    android.os.Handler fP -> fP
    void if(android.os.Message) -> if
    void a5() -> a5
    java.lang.String k(java.lang.String) -> k